<?xml version="1.0" encoding="UTF-8"?>
<!-- Generated by org.testng.reporters.JUnitXMLReporter -->
<testsuite hostname="Soft14" ignored="0" name="Command line test" tests="3" failures="1" timestamp="2020-03-19T11:12:15 IST" time="104.144" errors="0">
  <testcase name="JSONDataRead" time="50.224" classname="test.java.SingleBookTest">
    <failure type="org.openqa.selenium.NoSuchElementException" message="Cannot locate element with text: SEDAN
For documentation on this error, please visit: https://www.seleniumhq.org/exceptions/no_such_element.html
Build info: version: &amp;apos;3.141.59&amp;apos;, revision: &amp;apos;e82be7d358&amp;apos;, time: &amp;apos;2018-11-14T08:17:03&amp;apos;
System info: host: &amp;apos;SOFT14&amp;apos;, ip: &amp;apos;192.168.10.44&amp;apos;, os.name: &amp;apos;Windows 10&amp;apos;, os.arch: &amp;apos;amd64&amp;apos;, os.version: &amp;apos;10.0&amp;apos;, java.version: &amp;apos;1.8.0_131&amp;apos;
Driver info: driver.version: unknown">
      <![CDATA[org.openqa.selenium.NoSuchElementException: Cannot locate element with text: SEDAN
For documentation on this error, please visit: https://www.seleniumhq.org/exceptions/no_such_element.html
Build info: version: '3.141.59', revision: 'e82be7d358', time: '2018-11-14T08:17:03'
System info: host: 'SOFT14', ip: '192.168.10.44', os.name: 'Windows 10', os.arch: 'amd64', os.version: '10.0', java.version: '1.8.0_131'
Driver info: driver.version: unknown
at org.openqa.selenium.support.ui.Select.selectByVisibleText(Select.java:147)
at PageObjects.SingleBooking.BookTest1(SingleBooking.java:217)
at test.java.SingleBookTest.JSONDataRead(SingleBookTest.java:148)
at java.util.ArrayList.forEach(ArrayList.java:1249)
... Removed 36 stack frames]]>
    </failure>
  </testcase> <!-- JSONDataRead -->
  <testcase name="VerifyLoggedInUser" time="0.045" classname="test.java.SingleBookTest"/>
  <testcase name="VerifyLogin" time="0.006" classname="test.java.SingleBookTest"/>
</testsuite> <!-- Command line test -->
